
  .   ____          _            __ _ _
 /\\ / ___'_ __ _ _(_)_ __  __ _ \ \ \ \
( ( )\___ | '_ | '_| | '_ \/ _` | \ \ \ \
 \\/  ___)| |_)| | | | | || (_| |  ) ) ) )
  '  |____| .__|_| |_|_| |_\__, | / / / /
 =========|_|==============|___/=/_/_/_/
 :: Spring Boot ::                (v3.2.5)

2024-07-22T13:18:38.976-03:00  INFO 3455 --- [rifacdg] [           main] org.example.rifacdg.RifacdgApplication   : Starting RifacdgApplication v0.0.1-SNAPSHOT using Java 17.0.2 with PID 3455 (/home/lares/cdg/cdgwebsite/backend/rifacdg-0.0.1-SNAPSHOT.jar started by lares in /home/lares/cdg/cdgwebsite/backend)
2024-07-22T13:18:38.979-03:00  INFO 3455 --- [rifacdg] [           main] org.example.rifacdg.RifacdgApplication   : No active profile set, falling back to 1 default profile: "default"
2024-07-22T13:18:40.136-03:00  INFO 3455 --- [rifacdg] [           main] .s.d.r.c.RepositoryConfigurationDelegate : Bootstrapping Spring Data JPA repositories in DEFAULT mode.
2024-07-22T13:18:40.224-03:00  INFO 3455 --- [rifacdg] [           main] .s.d.r.c.RepositoryConfigurationDelegate : Finished Spring Data repository scanning in 78 ms. Found 1 JPA repository interface.
2024-07-22T13:18:40.851-03:00  INFO 3455 --- [rifacdg] [           main] o.s.b.w.embedded.tomcat.TomcatWebServer  : Tomcat initialized with port 9091 (http)
2024-07-22T13:18:40.866-03:00  INFO 3455 --- [rifacdg] [           main] o.apache.catalina.core.StandardService   : Starting service [Tomcat]
2024-07-22T13:18:40.866-03:00  INFO 3455 --- [rifacdg] [           main] o.apache.catalina.core.StandardEngine    : Starting Servlet engine: [Apache Tomcat/10.1.20]
2024-07-22T13:18:40.893-03:00  INFO 3455 --- [rifacdg] [           main] o.a.c.c.C.[Tomcat].[localhost].[/]       : Initializing Spring embedded WebApplicationContext
2024-07-22T13:18:40.893-03:00  INFO 3455 --- [rifacdg] [           main] w.s.c.ServletWebServerApplicationContext : Root WebApplicationContext: initialization completed in 1830 ms
2024-07-22T13:18:41.019-03:00  INFO 3455 --- [rifacdg] [           main] com.zaxxer.hikari.HikariDataSource       : HikariPool-1 - Starting...
2024-07-22T13:18:41.396-03:00  INFO 3455 --- [rifacdg] [           main] com.zaxxer.hikari.pool.HikariPool        : HikariPool-1 - Added connection com.mysql.cj.jdbc.ConnectionImpl@61db86bf
2024-07-22T13:18:41.399-03:00  INFO 3455 --- [rifacdg] [           main] com.zaxxer.hikari.HikariDataSource       : HikariPool-1 - Start completed.
2024-07-22T13:18:41.462-03:00  INFO 3455 --- [rifacdg] [           main] o.f.c.internal.license.VersionPrinter    : Flyway Community Edition 9.22.3 by Redgate
2024-07-22T13:18:41.462-03:00  INFO 3455 --- [rifacdg] [           main] o.f.c.internal.license.VersionPrinter    : See release notes here: https://rd.gt/416ObMi
2024-07-22T13:18:41.462-03:00  INFO 3455 --- [rifacdg] [           main] o.f.c.internal.license.VersionPrinter    : 
2024-07-22T13:18:41.526-03:00  INFO 3455 --- [rifacdg] [           main] org.flywaydb.core.FlywayExecutor         : Database: jdbc:mysql://127.0.0.1:3306/rifacdg (MySQL 5.5)
2024-07-22T13:18:41.585-03:00  INFO 3455 --- [rifacdg] [           main] o.f.core.internal.command.DbValidate     : Successfully validated 1 migration (execution time 00:00.046s)
2024-07-22T13:18:41.594-03:00  INFO 3455 --- [rifacdg] [           main] o.f.core.internal.command.DbMigrate      : Current version of schema `rifacdg`: 1
2024-07-22T13:18:41.598-03:00  INFO 3455 --- [rifacdg] [           main] o.f.core.internal.command.DbMigrate      : Schema `rifacdg` is up to date. No migration necessary.
2024-07-22T13:18:41.754-03:00  INFO 3455 --- [rifacdg] [           main] o.hibernate.jpa.internal.util.LogHelper  : HHH000204: Processing PersistenceUnitInfo [name: default]
2024-07-22T13:18:41.861-03:00  INFO 3455 --- [rifacdg] [           main] org.hibernate.Version                    : HHH000412: Hibernate ORM core version 6.4.4.Final
2024-07-22T13:18:41.907-03:00  INFO 3455 --- [rifacdg] [           main] o.h.c.internal.RegionFactoryInitiator    : HHH000026: Second-level cache disabled
2024-07-22T13:18:42.326-03:00  INFO 3455 --- [rifacdg] [           main] o.s.o.j.p.SpringPersistenceUnitInfo      : No LoadTimeWeaver setup: ignoring JPA class transformer
2024-07-22T13:18:42.399-03:00  WARN 3455 --- [rifacdg] [           main] org.hibernate.dialect.Dialect            : HHH000511: The 5.5.0 version for [org.hibernate.dialect.MySQLDialect] is no longer supported, hence certain features may not work properly. The minimum supported version is 8.0.0. Check the community dialects project for available legacy versions.
2024-07-22T13:18:43.210-03:00  INFO 3455 --- [rifacdg] [           main] o.h.e.t.j.p.i.JtaPlatformInitiator       : HHH000489: No JTA platform available (set 'hibernate.transaction.jta.platform' to enable JTA platform integration)
2024-07-22T13:18:43.212-03:00  INFO 3455 --- [rifacdg] [           main] j.LocalContainerEntityManagerFactoryBean : Initialized JPA EntityManagerFactory for persistence unit 'default'
2024-07-22T13:18:43.458-03:00  WARN 3455 --- [rifacdg] [           main] JpaBaseConfiguration$JpaWebConfiguration : spring.jpa.open-in-view is enabled by default. Therefore, database queries may be performed during view rendering. Explicitly configure spring.jpa.open-in-view to disable this warning
2024-07-22T13:18:43.836-03:00  INFO 3455 --- [rifacdg] [           main] o.s.b.w.embedded.tomcat.TomcatWebServer  : Tomcat started on port 9091 (http) with context path ''
2024-07-22T13:18:43.918-03:00  INFO 3455 --- [rifacdg] [           main] org.example.rifacdg.RifacdgApplication   : Started RifacdgApplication in 5.545 seconds (process running for 7.24)
2024-07-22T13:22:11.691-03:00  INFO 3455 --- [rifacdg] [nio-9091-exec-1] o.a.c.c.C.[Tomcat].[localhost].[/]       : Initializing Spring DispatcherServlet 'dispatcherServlet'
2024-07-22T13:22:11.691-03:00  INFO 3455 --- [rifacdg] [nio-9091-exec-1] o.s.web.servlet.DispatcherServlet        : Initializing Servlet 'dispatcherServlet'
2024-07-22T13:22:11.692-03:00  INFO 3455 --- [rifacdg] [nio-9091-exec-1] o.s.web.servlet.DispatcherServlet        : Completed initialization in 0 ms
2024-07-22T13:31:09.184-03:00 DEBUG 3455 --- [rifacdg] [nio-9091-exec-2] org.hibernate.SQL                        : insert into buyer (mail,name,phone,seller) values (?,?,?,?)
2024-07-22T13:31:09.197-03:00 DEBUG 3455 --- [rifacdg] [nio-9091-exec-2] org.hibernate.SQL                        : insert into raffle (buyer_id) values (?)
2024-07-22T13:31:09.198-03:00 DEBUG 3455 --- [rifacdg] [nio-9091-exec-2] org.hibernate.SQL                        : insert into raffle (buyer_id) values (?)
2024-07-22T13:31:09.199-03:00 DEBUG 3455 --- [rifacdg] [nio-9091-exec-2] org.hibernate.SQL                        : insert into raffle (buyer_id) values (?)
2024-07-22T13:31:09.200-03:00 DEBUG 3455 --- [rifacdg] [nio-9091-exec-2] org.hibernate.SQL                        : insert into raffle (buyer_id) values (?)
2024-07-22T13:31:09.201-03:00 DEBUG 3455 --- [rifacdg] [nio-9091-exec-2] org.hibernate.SQL                        : insert into raffle (buyer_id) values (?)
2024-07-22T13:31:09.202-03:00 DEBUG 3455 --- [rifacdg] [nio-9091-exec-2] org.hibernate.SQL                        : insert into raffle (buyer_id) values (?)
2024-07-22T13:31:09.203-03:00 DEBUG 3455 --- [rifacdg] [nio-9091-exec-2] org.hibernate.SQL                        : insert into raffle (buyer_id) values (?)
2024-07-22T13:31:09.204-03:00 DEBUG 3455 --- [rifacdg] [nio-9091-exec-2] org.hibernate.SQL                        : insert into raffle (buyer_id) values (?)
2024-07-22T13:31:09.204-03:00 DEBUG 3455 --- [rifacdg] [nio-9091-exec-2] org.hibernate.SQL                        : insert into raffle (buyer_id) values (?)
2024-07-22T13:31:09.205-03:00 DEBUG 3455 --- [rifacdg] [nio-9091-exec-2] org.hibernate.SQL                        : insert into raffle (buyer_id) values (?)
2024-07-22T13:31:09.206-03:00 DEBUG 3455 --- [rifacdg] [nio-9091-exec-2] org.hibernate.SQL                        : insert into raffle (buyer_id) values (?)
2024-07-22T13:31:09.207-03:00 DEBUG 3455 --- [rifacdg] [nio-9091-exec-2] org.hibernate.SQL                        : insert into raffle (buyer_id) values (?)
2024-07-22T13:31:09.207-03:00 DEBUG 3455 --- [rifacdg] [nio-9091-exec-2] org.hibernate.SQL                        : insert into raffle (buyer_id) values (?)
2024-07-22T13:31:09.208-03:00 DEBUG 3455 --- [rifacdg] [nio-9091-exec-2] org.hibernate.SQL                        : insert into raffle (buyer_id) values (?)
2024-07-22T13:31:09.209-03:00 DEBUG 3455 --- [rifacdg] [nio-9091-exec-2] org.hibernate.SQL                        : insert into raffle (buyer_id) values (?)
2024-07-22T13:55:32.238-03:00 DEBUG 3455 --- [rifacdg] [nio-9091-exec-3] org.hibernate.SQL                        : insert into buyer (mail,name,phone,seller) values (?,?,?,?)
2024-07-22T13:55:32.239-03:00 DEBUG 3455 --- [rifacdg] [nio-9091-exec-3] org.hibernate.SQL                        : insert into raffle (buyer_id) values (?)
2024-07-22T13:55:32.240-03:00 DEBUG 3455 --- [rifacdg] [nio-9091-exec-3] org.hibernate.SQL                        : insert into raffle (buyer_id) values (?)
2024-07-22T13:55:32.241-03:00 DEBUG 3455 --- [rifacdg] [nio-9091-exec-3] org.hibernate.SQL                        : insert into raffle (buyer_id) values (?)
2024-07-22T13:55:32.242-03:00 DEBUG 3455 --- [rifacdg] [nio-9091-exec-3] org.hibernate.SQL                        : insert into raffle (buyer_id) values (?)
2024-07-22T13:55:32.243-03:00 DEBUG 3455 --- [rifacdg] [nio-9091-exec-3] org.hibernate.SQL                        : insert into raffle (buyer_id) values (?)
2024-07-22T13:55:32.243-03:00 DEBUG 3455 --- [rifacdg] [nio-9091-exec-3] org.hibernate.SQL                        : insert into raffle (buyer_id) values (?)
2024-07-22T13:55:32.244-03:00 DEBUG 3455 --- [rifacdg] [nio-9091-exec-3] org.hibernate.SQL                        : insert into raffle (buyer_id) values (?)
2024-07-22T13:55:32.244-03:00 DEBUG 3455 --- [rifacdg] [nio-9091-exec-3] org.hibernate.SQL                        : insert into raffle (buyer_id) values (?)
2024-07-22T13:55:32.245-03:00 DEBUG 3455 --- [rifacdg] [nio-9091-exec-3] org.hibernate.SQL                        : insert into raffle (buyer_id) values (?)
2024-07-22T13:55:32.246-03:00 DEBUG 3455 --- [rifacdg] [nio-9091-exec-3] org.hibernate.SQL                        : insert into raffle (buyer_id) values (?)
2024-07-22T13:59:39.727-03:00 DEBUG 3455 --- [rifacdg] [nio-9091-exec-4] org.hibernate.SQL                        : insert into buyer (mail,name,phone,seller) values (?,?,?,?)
2024-07-22T13:59:39.728-03:00 DEBUG 3455 --- [rifacdg] [nio-9091-exec-4] org.hibernate.SQL                        : insert into raffle (buyer_id) values (?)
2024-07-22T13:59:39.729-03:00 DEBUG 3455 --- [rifacdg] [nio-9091-exec-4] org.hibernate.SQL                        : insert into raffle (buyer_id) values (?)
2024-07-22T13:59:39.730-03:00 DEBUG 3455 --- [rifacdg] [nio-9091-exec-4] org.hibernate.SQL                        : insert into raffle (buyer_id) values (?)
2024-07-22T13:59:39.731-03:00 DEBUG 3455 --- [rifacdg] [nio-9091-exec-4] org.hibernate.SQL                        : insert into raffle (buyer_id) values (?)
2024-07-22T13:59:39.732-03:00 DEBUG 3455 --- [rifacdg] [nio-9091-exec-4] org.hibernate.SQL                        : insert into raffle (buyer_id) values (?)
2024-07-22T14:05:39.008-03:00 DEBUG 3455 --- [rifacdg] [nio-9091-exec-5] org.hibernate.SQL                        : insert into buyer (mail,name,phone,seller) values (?,?,?,?)
2024-07-22T14:05:39.010-03:00 DEBUG 3455 --- [rifacdg] [nio-9091-exec-5] org.hibernate.SQL                        : insert into raffle (buyer_id) values (?)
2024-07-22T14:05:39.010-03:00 DEBUG 3455 --- [rifacdg] [nio-9091-exec-5] org.hibernate.SQL                        : insert into raffle (buyer_id) values (?)
2024-07-22T14:05:39.011-03:00 DEBUG 3455 --- [rifacdg] [nio-9091-exec-5] org.hibernate.SQL                        : insert into raffle (buyer_id) values (?)
2024-07-22T14:05:39.013-03:00 DEBUG 3455 --- [rifacdg] [nio-9091-exec-5] org.hibernate.SQL                        : insert into raffle (buyer_id) values (?)
2024-07-22T14:05:39.013-03:00 DEBUG 3455 --- [rifacdg] [nio-9091-exec-5] org.hibernate.SQL                        : insert into raffle (buyer_id) values (?)
2024-07-22T14:05:39.014-03:00 DEBUG 3455 --- [rifacdg] [nio-9091-exec-5] org.hibernate.SQL                        : insert into raffle (buyer_id) values (?)
2024-07-22T14:05:39.015-03:00 DEBUG 3455 --- [rifacdg] [nio-9091-exec-5] org.hibernate.SQL                        : insert into raffle (buyer_id) values (?)
2024-07-22T14:05:39.016-03:00 DEBUG 3455 --- [rifacdg] [nio-9091-exec-5] org.hibernate.SQL                        : insert into raffle (buyer_id) values (?)
2024-07-22T14:05:39.017-03:00 DEBUG 3455 --- [rifacdg] [nio-9091-exec-5] org.hibernate.SQL                        : insert into raffle (buyer_id) values (?)
2024-07-22T14:05:39.018-03:00 DEBUG 3455 --- [rifacdg] [nio-9091-exec-5] org.hibernate.SQL                        : insert into raffle (buyer_id) values (?)
2024-07-22T14:19:30.143-03:00 DEBUG 3455 --- [rifacdg] [nio-9091-exec-6] org.hibernate.SQL                        : insert into buyer (mail,name,phone,seller) values (?,?,?,?)
2024-07-22T14:19:30.144-03:00 DEBUG 3455 --- [rifacdg] [nio-9091-exec-6] org.hibernate.SQL                        : insert into raffle (buyer_id) values (?)
2024-07-22T14:19:30.145-03:00 DEBUG 3455 --- [rifacdg] [nio-9091-exec-6] org.hibernate.SQL                        : insert into raffle (buyer_id) values (?)
2024-07-22T14:19:30.146-03:00 DEBUG 3455 --- [rifacdg] [nio-9091-exec-6] org.hibernate.SQL                        : insert into raffle (buyer_id) values (?)
2024-07-22T14:19:30.147-03:00 DEBUG 3455 --- [rifacdg] [nio-9091-exec-6] org.hibernate.SQL                        : insert into raffle (buyer_id) values (?)
2024-07-22T14:19:30.147-03:00 DEBUG 3455 --- [rifacdg] [nio-9091-exec-6] org.hibernate.SQL                        : insert into raffle (buyer_id) values (?)
2024-07-22T14:19:30.148-03:00 DEBUG 3455 --- [rifacdg] [nio-9091-exec-6] org.hibernate.SQL                        : insert into raffle (buyer_id) values (?)
2024-07-22T14:19:30.148-03:00 DEBUG 3455 --- [rifacdg] [nio-9091-exec-6] org.hibernate.SQL                        : insert into raffle (buyer_id) values (?)
2024-07-22T14:19:30.149-03:00 DEBUG 3455 --- [rifacdg] [nio-9091-exec-6] org.hibernate.SQL                        : insert into raffle (buyer_id) values (?)
2024-07-22T14:19:30.150-03:00 DEBUG 3455 --- [rifacdg] [nio-9091-exec-6] org.hibernate.SQL                        : insert into raffle (buyer_id) values (?)
2024-07-22T14:19:30.150-03:00 DEBUG 3455 --- [rifacdg] [nio-9091-exec-6] org.hibernate.SQL                        : insert into raffle (buyer_id) values (?)
2024-07-22T14:22:21.308-03:00 DEBUG 3455 --- [rifacdg] [nio-9091-exec-7] org.hibernate.SQL                        : insert into buyer (mail,name,phone,seller) values (?,?,?,?)
2024-07-22T14:22:21.309-03:00 DEBUG 3455 --- [rifacdg] [nio-9091-exec-7] org.hibernate.SQL                        : insert into raffle (buyer_id) values (?)
2024-07-22T14:22:21.310-03:00 DEBUG 3455 --- [rifacdg] [nio-9091-exec-7] org.hibernate.SQL                        : insert into raffle (buyer_id) values (?)
2024-07-22T14:22:21.311-03:00 DEBUG 3455 --- [rifacdg] [nio-9091-exec-7] org.hibernate.SQL                        : insert into raffle (buyer_id) values (?)
2024-07-22T14:22:21.311-03:00 DEBUG 3455 --- [rifacdg] [nio-9091-exec-7] org.hibernate.SQL                        : insert into raffle (buyer_id) values (?)
2024-07-22T14:22:21.312-03:00 DEBUG 3455 --- [rifacdg] [nio-9091-exec-7] org.hibernate.SQL                        : insert into raffle (buyer_id) values (?)
2024-07-22T14:22:21.312-03:00 DEBUG 3455 --- [rifacdg] [nio-9091-exec-7] org.hibernate.SQL                        : insert into raffle (buyer_id) values (?)
2024-07-22T14:22:21.313-03:00 DEBUG 3455 --- [rifacdg] [nio-9091-exec-7] org.hibernate.SQL                        : insert into raffle (buyer_id) values (?)
2024-07-22T14:22:21.313-03:00 DEBUG 3455 --- [rifacdg] [nio-9091-exec-7] org.hibernate.SQL                        : insert into raffle (buyer_id) values (?)
2024-07-22T14:22:21.314-03:00 DEBUG 3455 --- [rifacdg] [nio-9091-exec-7] org.hibernate.SQL                        : insert into raffle (buyer_id) values (?)
2024-07-22T14:22:21.314-03:00 DEBUG 3455 --- [rifacdg] [nio-9091-exec-7] org.hibernate.SQL                        : insert into raffle (buyer_id) values (?)
2024-07-22T14:47:00.155-03:00 DEBUG 3455 --- [rifacdg] [nio-9091-exec-8] org.hibernate.SQL                        : insert into buyer (mail,name,phone,seller) values (?,?,?,?)
2024-07-22T14:47:00.156-03:00 DEBUG 3455 --- [rifacdg] [nio-9091-exec-8] org.hibernate.SQL                        : insert into raffle (buyer_id) values (?)
2024-07-22T14:47:00.157-03:00 DEBUG 3455 --- [rifacdg] [nio-9091-exec-8] org.hibernate.SQL                        : insert into raffle (buyer_id) values (?)
2024-07-22T14:47:00.158-03:00 DEBUG 3455 --- [rifacdg] [nio-9091-exec-8] org.hibernate.SQL                        : insert into raffle (buyer_id) values (?)
2024-07-22T14:47:00.158-03:00 DEBUG 3455 --- [rifacdg] [nio-9091-exec-8] org.hibernate.SQL                        : insert into raffle (buyer_id) values (?)
2024-07-22T14:47:00.159-03:00 DEBUG 3455 --- [rifacdg] [nio-9091-exec-8] org.hibernate.SQL                        : insert into raffle (buyer_id) values (?)
2024-07-22T14:47:00.160-03:00 DEBUG 3455 --- [rifacdg] [nio-9091-exec-8] org.hibernate.SQL                        : insert into raffle (buyer_id) values (?)
2024-07-22T14:47:00.160-03:00 DEBUG 3455 --- [rifacdg] [nio-9091-exec-8] org.hibernate.SQL                        : insert into raffle (buyer_id) values (?)
2024-07-22T14:47:00.161-03:00 DEBUG 3455 --- [rifacdg] [nio-9091-exec-8] org.hibernate.SQL                        : insert into raffle (buyer_id) values (?)
2024-07-22T14:47:00.161-03:00 DEBUG 3455 --- [rifacdg] [nio-9091-exec-8] org.hibernate.SQL                        : insert into raffle (buyer_id) values (?)
2024-07-22T14:47:00.162-03:00 DEBUG 3455 --- [rifacdg] [nio-9091-exec-8] org.hibernate.SQL                        : insert into raffle (buyer_id) values (?)
2024-07-22T16:35:53.966-03:00 DEBUG 3455 --- [rifacdg] [nio-9091-exec-9] org.hibernate.SQL                        : insert into buyer (mail,name,phone,seller) values (?,?,?,?)
2024-07-22T16:35:53.968-03:00 DEBUG 3455 --- [rifacdg] [nio-9091-exec-9] org.hibernate.SQL                        : insert into raffle (buyer_id) values (?)
2024-07-22T16:35:53.968-03:00 DEBUG 3455 --- [rifacdg] [nio-9091-exec-9] org.hibernate.SQL                        : insert into raffle (buyer_id) values (?)
2024-07-22T16:35:53.969-03:00 DEBUG 3455 --- [rifacdg] [nio-9091-exec-9] org.hibernate.SQL                        : insert into raffle (buyer_id) values (?)
2024-07-22T16:35:53.970-03:00 DEBUG 3455 --- [rifacdg] [nio-9091-exec-9] org.hibernate.SQL                        : insert into raffle (buyer_id) values (?)
2024-07-22T16:51:19.191-03:00 DEBUG 3455 --- [rifacdg] [io-9091-exec-10] org.hibernate.SQL                        : insert into buyer (mail,name,phone,seller) values (?,?,?,?)
2024-07-22T16:51:19.192-03:00 DEBUG 3455 --- [rifacdg] [io-9091-exec-10] org.hibernate.SQL                        : insert into raffle (buyer_id) values (?)
2024-07-22T16:51:19.193-03:00 DEBUG 3455 --- [rifacdg] [io-9091-exec-10] org.hibernate.SQL                        : insert into raffle (buyer_id) values (?)
2024-07-22T17:45:46.750-03:00 DEBUG 3455 --- [rifacdg] [nio-9091-exec-1] org.hibernate.SQL                        : insert into buyer (mail,name,phone,seller) values (?,?,?,?)
2024-07-22T17:45:46.752-03:00 DEBUG 3455 --- [rifacdg] [nio-9091-exec-1] org.hibernate.SQL                        : insert into raffle (buyer_id) values (?)
2024-07-22T20:33:20.733-03:00 DEBUG 3455 --- [rifacdg] [nio-9091-exec-2] org.hibernate.SQL                        : insert into buyer (mail,name,phone,seller) values (?,?,?,?)
2024-07-22T20:33:20.734-03:00 DEBUG 3455 --- [rifacdg] [nio-9091-exec-2] org.hibernate.SQL                        : insert into raffle (buyer_id) values (?)
2024-07-22T20:33:20.820-03:00 DEBUG 3455 --- [rifacdg] [nio-9091-exec-2] org.hibernate.SQL                        : insert into raffle (buyer_id) values (?)
2024-07-22T20:33:20.821-03:00 DEBUG 3455 --- [rifacdg] [nio-9091-exec-2] org.hibernate.SQL                        : insert into raffle (buyer_id) values (?)
2024-07-22T20:33:20.821-03:00 DEBUG 3455 --- [rifacdg] [nio-9091-exec-2] org.hibernate.SQL                        : insert into raffle (buyer_id) values (?)
2024-07-22T20:33:20.822-03:00 DEBUG 3455 --- [rifacdg] [nio-9091-exec-2] org.hibernate.SQL                        : insert into raffle (buyer_id) values (?)
2024-07-22T20:33:20.822-03:00 DEBUG 3455 --- [rifacdg] [nio-9091-exec-2] org.hibernate.SQL                        : insert into raffle (buyer_id) values (?)
2024-07-22T20:33:20.823-03:00 DEBUG 3455 --- [rifacdg] [nio-9091-exec-2] org.hibernate.SQL                        : insert into raffle (buyer_id) values (?)
2024-07-22T20:33:20.823-03:00 DEBUG 3455 --- [rifacdg] [nio-9091-exec-2] org.hibernate.SQL                        : insert into raffle (buyer_id) values (?)
2024-07-22T20:33:20.824-03:00 DEBUG 3455 --- [rifacdg] [nio-9091-exec-2] org.hibernate.SQL                        : insert into raffle (buyer_id) values (?)
2024-07-22T20:33:20.824-03:00 DEBUG 3455 --- [rifacdg] [nio-9091-exec-2] org.hibernate.SQL                        : insert into raffle (buyer_id) values (?)
2024-07-22T20:42:49.196-03:00 DEBUG 3455 --- [rifacdg] [nio-9091-exec-3] org.hibernate.SQL                        : insert into buyer (mail,name,phone,seller) values (?,?,?,?)
2024-07-22T20:42:49.197-03:00 DEBUG 3455 --- [rifacdg] [nio-9091-exec-3] org.hibernate.SQL                        : insert into raffle (buyer_id) values (?)
2024-07-22T20:42:49.197-03:00 DEBUG 3455 --- [rifacdg] [nio-9091-exec-3] org.hibernate.SQL                        : insert into raffle (buyer_id) values (?)
2024-07-22T20:42:49.198-03:00 DEBUG 3455 --- [rifacdg] [nio-9091-exec-3] org.hibernate.SQL                        : insert into raffle (buyer_id) values (?)
2024-07-22T21:51:35.316-03:00 DEBUG 3455 --- [rifacdg] [nio-9091-exec-4] org.hibernate.SQL                        : insert into buyer (mail,name,phone,seller) values (?,?,?,?)
2024-07-22T21:51:35.317-03:00 DEBUG 3455 --- [rifacdg] [nio-9091-exec-4] org.hibernate.SQL                        : insert into raffle (buyer_id) values (?)
2024-07-22T21:51:35.318-03:00 DEBUG 3455 --- [rifacdg] [nio-9091-exec-4] org.hibernate.SQL                        : insert into raffle (buyer_id) values (?)
2024-07-22T21:52:48.013-03:00 DEBUG 3455 --- [rifacdg] [nio-9091-exec-5] org.hibernate.SQL                        : insert into buyer (mail,name,phone,seller) values (?,?,?,?)
2024-07-22T21:52:48.014-03:00 DEBUG 3455 --- [rifacdg] [nio-9091-exec-5] org.hibernate.SQL                        : insert into raffle (buyer_id) values (?)
2024-07-22T21:52:48.015-03:00 DEBUG 3455 --- [rifacdg] [nio-9091-exec-5] org.hibernate.SQL                        : insert into raffle (buyer_id) values (?)
2024-07-22T21:52:48.016-03:00 DEBUG 3455 --- [rifacdg] [nio-9091-exec-5] org.hibernate.SQL                        : insert into raffle (buyer_id) values (?)
2024-07-22T21:52:48.017-03:00 DEBUG 3455 --- [rifacdg] [nio-9091-exec-5] org.hibernate.SQL                        : insert into raffle (buyer_id) values (?)
2024-07-22T21:52:48.017-03:00 DEBUG 3455 --- [rifacdg] [nio-9091-exec-5] org.hibernate.SQL                        : insert into raffle (buyer_id) values (?)
2024-07-23T09:32:59.965-03:00 DEBUG 3455 --- [rifacdg] [nio-9091-exec-6] org.hibernate.SQL                        : insert into buyer (mail,name,phone,seller) values (?,?,?,?)
2024-07-23T09:32:59.967-03:00 DEBUG 3455 --- [rifacdg] [nio-9091-exec-6] org.hibernate.SQL                        : insert into raffle (buyer_id) values (?)
2024-07-23T09:32:59.968-03:00 DEBUG 3455 --- [rifacdg] [nio-9091-exec-6] org.hibernate.SQL                        : insert into raffle (buyer_id) values (?)
2024-07-23T09:32:59.969-03:00 DEBUG 3455 --- [rifacdg] [nio-9091-exec-6] org.hibernate.SQL                        : insert into raffle (buyer_id) values (?)
2024-07-23T13:25:22.683-03:00 DEBUG 3455 --- [rifacdg] [nio-9091-exec-7] org.hibernate.SQL                        : insert into buyer (mail,name,phone,seller) values (?,?,?,?)
2024-07-23T13:25:22.685-03:00 DEBUG 3455 --- [rifacdg] [nio-9091-exec-7] org.hibernate.SQL                        : insert into raffle (buyer_id) values (?)
2024-07-23T13:25:22.686-03:00 DEBUG 3455 --- [rifacdg] [nio-9091-exec-7] org.hibernate.SQL                        : insert into raffle (buyer_id) values (?)
2024-07-23T13:25:22.687-03:00 DEBUG 3455 --- [rifacdg] [nio-9091-exec-7] org.hibernate.SQL                        : insert into raffle (buyer_id) values (?)
2024-07-23T21:42:40.503-03:00 DEBUG 3455 --- [rifacdg] [nio-9091-exec-8] org.hibernate.SQL                        : insert into buyer (mail,name,phone,seller) values (?,?,?,?)
2024-07-23T21:42:40.506-03:00 DEBUG 3455 --- [rifacdg] [nio-9091-exec-8] org.hibernate.SQL                        : insert into raffle (buyer_id) values (?)
2024-07-23T21:42:40.508-03:00 DEBUG 3455 --- [rifacdg] [nio-9091-exec-8] org.hibernate.SQL                        : insert into raffle (buyer_id) values (?)
2024-07-23T21:42:40.510-03:00 DEBUG 3455 --- [rifacdg] [nio-9091-exec-8] org.hibernate.SQL                        : insert into raffle (buyer_id) values (?)
2024-07-23T21:42:40.592-03:00 DEBUG 3455 --- [rifacdg] [nio-9091-exec-8] org.hibernate.SQL                        : insert into raffle (buyer_id) values (?)
2024-07-23T21:42:40.593-03:00 DEBUG 3455 --- [rifacdg] [nio-9091-exec-8] org.hibernate.SQL                        : insert into raffle (buyer_id) values (?)
2024-07-29T22:16:03.449-03:00 DEBUG 3455 --- [rifacdg] [nio-9091-exec-9] org.hibernate.SQL                        : insert into buyer (mail,name,phone,seller) values (?,?,?,?)
2024-07-29T22:16:03.452-03:00 DEBUG 3455 --- [rifacdg] [nio-9091-exec-9] org.hibernate.SQL                        : insert into raffle (buyer_id) values (?)
2024-07-29T22:16:48.892-03:00 DEBUG 3455 --- [rifacdg] [io-9091-exec-10] org.hibernate.SQL                        : insert into buyer (mail,name,phone,seller) values (?,?,?,?)
2024-07-29T22:16:48.895-03:00 DEBUG 3455 --- [rifacdg] [io-9091-exec-10] org.hibernate.SQL                        : insert into raffle (buyer_id) values (?)
2024-07-29T23:19:07.774-03:00 DEBUG 3455 --- [rifacdg] [nio-9091-exec-1] org.hibernate.SQL                        : insert into buyer (mail,name,phone,seller) values (?,?,?,?)
2024-07-29T23:19:07.777-03:00 DEBUG 3455 --- [rifacdg] [nio-9091-exec-1] org.hibernate.SQL                        : insert into raffle (buyer_id) values (?)
2024-07-29T23:19:07.779-03:00 DEBUG 3455 --- [rifacdg] [nio-9091-exec-1] org.hibernate.SQL                        : insert into raffle (buyer_id) values (?)
2024-07-29T23:19:07.780-03:00 DEBUG 3455 --- [rifacdg] [nio-9091-exec-1] org.hibernate.SQL                        : insert into raffle (buyer_id) values (?)
2024-07-29T23:19:07.781-03:00 DEBUG 3455 --- [rifacdg] [nio-9091-exec-1] org.hibernate.SQL                        : insert into raffle (buyer_id) values (?)
2024-07-29T23:19:07.781-03:00 DEBUG 3455 --- [rifacdg] [nio-9091-exec-1] org.hibernate.SQL                        : insert into raffle (buyer_id) values (?)
2024-07-30T09:44:50.530-03:00 DEBUG 3455 --- [rifacdg] [nio-9091-exec-2] org.hibernate.SQL                        : insert into buyer (mail,name,phone,seller) values (?,?,?,?)
2024-07-30T09:44:50.532-03:00 DEBUG 3455 --- [rifacdg] [nio-9091-exec-2] org.hibernate.SQL                        : insert into raffle (buyer_id) values (?)
2024-08-01T18:36:38.898-03:00 DEBUG 3455 --- [rifacdg] [nio-9091-exec-5] org.hibernate.SQL                        : insert into buyer (mail,name,phone,seller) values (?,?,?,?)
2024-08-01T18:36:38.899-03:00 DEBUG 3455 --- [rifacdg] [nio-9091-exec-5] org.hibernate.SQL                        : insert into raffle (buyer_id) values (?)
2024-08-01T18:36:38.900-03:00 DEBUG 3455 --- [rifacdg] [nio-9091-exec-5] org.hibernate.SQL                        : insert into raffle (buyer_id) values (?)
2024-08-02T09:17:46.887-03:00 DEBUG 3455 --- [rifacdg] [nio-9091-exec-6] org.hibernate.SQL                        : insert into buyer (mail,name,phone,seller) values (?,?,?,?)
2024-08-02T09:17:46.890-03:00 DEBUG 3455 --- [rifacdg] [nio-9091-exec-6] org.hibernate.SQL                        : insert into raffle (buyer_id) values (?)
2024-08-02T09:17:46.973-03:00 DEBUG 3455 --- [rifacdg] [nio-9091-exec-6] org.hibernate.SQL                        : insert into raffle (buyer_id) values (?)
2024-08-02T09:17:46.974-03:00 DEBUG 3455 --- [rifacdg] [nio-9091-exec-6] org.hibernate.SQL                        : insert into raffle (buyer_id) values (?)
2024-08-02T09:17:46.975-03:00 DEBUG 3455 --- [rifacdg] [nio-9091-exec-6] org.hibernate.SQL                        : insert into raffle (buyer_id) values (?)
2024-08-02T09:17:46.990-03:00 DEBUG 3455 --- [rifacdg] [nio-9091-exec-6] org.hibernate.SQL                        : insert into raffle (buyer_id) values (?)
2024-08-02T09:17:46.991-03:00 DEBUG 3455 --- [rifacdg] [nio-9091-exec-6] org.hibernate.SQL                        : insert into raffle (buyer_id) values (?)
2024-08-02T09:17:46.991-03:00 DEBUG 3455 --- [rifacdg] [nio-9091-exec-6] org.hibernate.SQL                        : insert into raffle (buyer_id) values (?)
2024-08-02T09:17:46.992-03:00 DEBUG 3455 --- [rifacdg] [nio-9091-exec-6] org.hibernate.SQL                        : insert into raffle (buyer_id) values (?)
2024-08-02T09:17:46.992-03:00 DEBUG 3455 --- [rifacdg] [nio-9091-exec-6] org.hibernate.SQL                        : insert into raffle (buyer_id) values (?)
2024-08-02T09:17:46.993-03:00 DEBUG 3455 --- [rifacdg] [nio-9091-exec-6] org.hibernate.SQL                        : insert into raffle (buyer_id) values (?)
2024-08-02T09:17:46.993-03:00 DEBUG 3455 --- [rifacdg] [nio-9091-exec-6] org.hibernate.SQL                        : insert into raffle (buyer_id) values (?)
2024-08-02T09:17:46.993-03:00 DEBUG 3455 --- [rifacdg] [nio-9091-exec-6] org.hibernate.SQL                        : insert into raffle (buyer_id) values (?)
2024-08-02T09:17:46.994-03:00 DEBUG 3455 --- [rifacdg] [nio-9091-exec-6] org.hibernate.SQL                        : insert into raffle (buyer_id) values (?)
2024-08-02T09:17:46.994-03:00 DEBUG 3455 --- [rifacdg] [nio-9091-exec-6] org.hibernate.SQL                        : insert into raffle (buyer_id) values (?)
2024-08-02T09:17:46.994-03:00 DEBUG 3455 --- [rifacdg] [nio-9091-exec-6] org.hibernate.SQL                        : insert into raffle (buyer_id) values (?)
2024-08-02T09:17:46.995-03:00 DEBUG 3455 --- [rifacdg] [nio-9091-exec-6] org.hibernate.SQL                        : insert into raffle (buyer_id) values (?)
2024-08-02T09:17:46.995-03:00 DEBUG 3455 --- [rifacdg] [nio-9091-exec-6] org.hibernate.SQL                        : insert into raffle (buyer_id) values (?)
2024-08-02T09:17:46.995-03:00 DEBUG 3455 --- [rifacdg] [nio-9091-exec-6] org.hibernate.SQL                        : insert into raffle (buyer_id) values (?)
2024-08-02T09:17:46.996-03:00 DEBUG 3455 --- [rifacdg] [nio-9091-exec-6] org.hibernate.SQL                        : insert into raffle (buyer_id) values (?)
2024-08-02T09:17:46.996-03:00 DEBUG 3455 --- [rifacdg] [nio-9091-exec-6] org.hibernate.SQL                        : insert into raffle (buyer_id) values (?)
2024-08-02T09:17:46.996-03:00 DEBUG 3455 --- [rifacdg] [nio-9091-exec-6] org.hibernate.SQL                        : insert into raffle (buyer_id) values (?)
2024-08-02T09:17:46.997-03:00 DEBUG 3455 --- [rifacdg] [nio-9091-exec-6] org.hibernate.SQL                        : insert into raffle (buyer_id) values (?)
2024-08-02T09:17:46.997-03:00 DEBUG 3455 --- [rifacdg] [nio-9091-exec-6] org.hibernate.SQL                        : insert into raffle (buyer_id) values (?)
2024-08-02T09:17:46.997-03:00 DEBUG 3455 --- [rifacdg] [nio-9091-exec-6] org.hibernate.SQL                        : insert into raffle (buyer_id) values (?)
2024-08-02T09:17:46.998-03:00 DEBUG 3455 --- [rifacdg] [nio-9091-exec-6] org.hibernate.SQL                        : insert into raffle (buyer_id) values (?)
2024-08-02T09:17:46.998-03:00 DEBUG 3455 --- [rifacdg] [nio-9091-exec-6] org.hibernate.SQL                        : insert into raffle (buyer_id) values (?)
2024-08-02T09:17:46.999-03:00 DEBUG 3455 --- [rifacdg] [nio-9091-exec-6] org.hibernate.SQL                        : insert into raffle (buyer_id) values (?)
2024-08-02T09:17:46.999-03:00 DEBUG 3455 --- [rifacdg] [nio-9091-exec-6] org.hibernate.SQL                        : insert into raffle (buyer_id) values (?)
2024-08-02T09:17:47.000-03:00 DEBUG 3455 --- [rifacdg] [nio-9091-exec-6] org.hibernate.SQL                        : insert into raffle (buyer_id) values (?)
2024-08-02T09:17:47.000-03:00 DEBUG 3455 --- [rifacdg] [nio-9091-exec-6] org.hibernate.SQL                        : insert into raffle (buyer_id) values (?)
2024-08-02T09:30:58.889-03:00 DEBUG 3455 --- [rifacdg] [nio-9091-exec-7] org.hibernate.SQL                        : insert into buyer (mail,name,phone,seller) values (?,?,?,?)
2024-08-02T09:30:58.891-03:00 DEBUG 3455 --- [rifacdg] [nio-9091-exec-7] org.hibernate.SQL                        : insert into raffle (buyer_id) values (?)
2024-08-02T09:30:58.891-03:00 DEBUG 3455 --- [rifacdg] [nio-9091-exec-7] org.hibernate.SQL                        : insert into raffle (buyer_id) values (?)
2024-08-02T09:30:58.892-03:00 DEBUG 3455 --- [rifacdg] [nio-9091-exec-7] org.hibernate.SQL                        : insert into raffle (buyer_id) values (?)
2024-08-02T09:30:58.893-03:00 DEBUG 3455 --- [rifacdg] [nio-9091-exec-7] org.hibernate.SQL                        : insert into raffle (buyer_id) values (?)
2024-08-02T09:30:58.893-03:00 DEBUG 3455 --- [rifacdg] [nio-9091-exec-7] org.hibernate.SQL                        : insert into raffle (buyer_id) values (?)
2024-08-02T09:30:58.894-03:00 DEBUG 3455 --- [rifacdg] [nio-9091-exec-7] org.hibernate.SQL                        : insert into raffle (buyer_id) values (?)
2024-08-02T09:30:58.894-03:00 DEBUG 3455 --- [rifacdg] [nio-9091-exec-7] org.hibernate.SQL                        : insert into raffle (buyer_id) values (?)
2024-08-02T09:30:58.895-03:00 DEBUG 3455 --- [rifacdg] [nio-9091-exec-7] org.hibernate.SQL                        : insert into raffle (buyer_id) values (?)
2024-08-02T09:30:58.895-03:00 DEBUG 3455 --- [rifacdg] [nio-9091-exec-7] org.hibernate.SQL                        : insert into raffle (buyer_id) values (?)
2024-08-02T09:30:58.896-03:00 DEBUG 3455 --- [rifacdg] [nio-9091-exec-7] org.hibernate.SQL                        : insert into raffle (buyer_id) values (?)
2024-08-02T09:30:58.896-03:00 DEBUG 3455 --- [rifacdg] [nio-9091-exec-7] org.hibernate.SQL                        : insert into raffle (buyer_id) values (?)
2024-08-02T09:30:58.897-03:00 DEBUG 3455 --- [rifacdg] [nio-9091-exec-7] org.hibernate.SQL                        : insert into raffle (buyer_id) values (?)
2024-08-02T09:30:58.897-03:00 DEBUG 3455 --- [rifacdg] [nio-9091-exec-7] org.hibernate.SQL                        : insert into raffle (buyer_id) values (?)
2024-08-02T09:30:58.898-03:00 DEBUG 3455 --- [rifacdg] [nio-9091-exec-7] org.hibernate.SQL                        : insert into raffle (buyer_id) values (?)
2024-08-02T09:30:58.898-03:00 DEBUG 3455 --- [rifacdg] [nio-9091-exec-7] org.hibernate.SQL                        : insert into raffle (buyer_id) values (?)
2024-08-02T09:30:58.899-03:00 DEBUG 3455 --- [rifacdg] [nio-9091-exec-7] org.hibernate.SQL                        : insert into raffle (buyer_id) values (?)
2024-08-02T09:30:58.899-03:00 DEBUG 3455 --- [rifacdg] [nio-9091-exec-7] org.hibernate.SQL                        : insert into raffle (buyer_id) values (?)
2024-08-02T09:30:58.900-03:00 DEBUG 3455 --- [rifacdg] [nio-9091-exec-7] org.hibernate.SQL                        : insert into raffle (buyer_id) values (?)
2024-08-02T09:30:58.900-03:00 DEBUG 3455 --- [rifacdg] [nio-9091-exec-7] org.hibernate.SQL                        : insert into raffle (buyer_id) values (?)
2024-08-02T09:30:58.978-03:00 DEBUG 3455 --- [rifacdg] [nio-9091-exec-7] org.hibernate.SQL                        : insert into raffle (buyer_id) values (?)
2024-08-02T09:30:58.979-03:00 DEBUG 3455 --- [rifacdg] [nio-9091-exec-7] org.hibernate.SQL                        : insert into raffle (buyer_id) values (?)
2024-08-02T09:30:58.980-03:00 DEBUG 3455 --- [rifacdg] [nio-9091-exec-7] org.hibernate.SQL                        : insert into raffle (buyer_id) values (?)
2024-08-02T09:30:58.980-03:00 DEBUG 3455 --- [rifacdg] [nio-9091-exec-7] org.hibernate.SQL                        : insert into raffle (buyer_id) values (?)
2024-08-02T09:30:58.981-03:00 DEBUG 3455 --- [rifacdg] [nio-9091-exec-7] org.hibernate.SQL                        : insert into raffle (buyer_id) values (?)
2024-08-02T09:30:58.981-03:00 DEBUG 3455 --- [rifacdg] [nio-9091-exec-7] org.hibernate.SQL                        : insert into raffle (buyer_id) values (?)
2024-08-02T09:30:58.982-03:00 DEBUG 3455 --- [rifacdg] [nio-9091-exec-7] org.hibernate.SQL                        : insert into raffle (buyer_id) values (?)
2024-08-02T09:30:58.982-03:00 DEBUG 3455 --- [rifacdg] [nio-9091-exec-7] org.hibernate.SQL                        : insert into raffle (buyer_id) values (?)
2024-08-02T09:30:58.983-03:00 DEBUG 3455 --- [rifacdg] [nio-9091-exec-7] org.hibernate.SQL                        : insert into raffle (buyer_id) values (?)
2024-08-02T09:30:58.983-03:00 DEBUG 3455 --- [rifacdg] [nio-9091-exec-7] org.hibernate.SQL                        : insert into raffle (buyer_id) values (?)
2024-08-02T09:30:58.983-03:00 DEBUG 3455 --- [rifacdg] [nio-9091-exec-7] org.hibernate.SQL                        : insert into raffle (buyer_id) values (?)
2024-08-04T20:00:55.969-03:00 DEBUG 3455 --- [rifacdg] [nio-9091-exec-8] org.hibernate.SQL                        : insert into buyer (mail,name,phone,seller) values (?,?,?,?)
2024-08-04T20:00:55.971-03:00 DEBUG 3455 --- [rifacdg] [nio-9091-exec-8] org.hibernate.SQL                        : insert into raffle (buyer_id) values (?)
2024-08-04T20:00:55.973-03:00 DEBUG 3455 --- [rifacdg] [nio-9091-exec-8] org.hibernate.SQL                        : insert into raffle (buyer_id) values (?)
2024-08-04T20:00:55.975-03:00 DEBUG 3455 --- [rifacdg] [nio-9091-exec-8] org.hibernate.SQL                        : insert into raffle (buyer_id) values (?)
2024-08-04T20:00:55.976-03:00 DEBUG 3455 --- [rifacdg] [nio-9091-exec-8] org.hibernate.SQL                        : insert into raffle (buyer_id) values (?)
2024-08-04T20:00:55.976-03:00 DEBUG 3455 --- [rifacdg] [nio-9091-exec-8] org.hibernate.SQL                        : insert into raffle (buyer_id) values (?)
2024-08-04T20:00:55.977-03:00 DEBUG 3455 --- [rifacdg] [nio-9091-exec-8] org.hibernate.SQL                        : insert into raffle (buyer_id) values (?)
2024-08-04T20:00:55.977-03:00 DEBUG 3455 --- [rifacdg] [nio-9091-exec-8] org.hibernate.SQL                        : insert into raffle (buyer_id) values (?)
2024-08-04T20:00:55.978-03:00 DEBUG 3455 --- [rifacdg] [nio-9091-exec-8] org.hibernate.SQL                        : insert into raffle (buyer_id) values (?)
2024-08-04T20:00:55.978-03:00 DEBUG 3455 --- [rifacdg] [nio-9091-exec-8] org.hibernate.SQL                        : insert into raffle (buyer_id) values (?)
2024-08-04T20:00:55.978-03:00 DEBUG 3455 --- [rifacdg] [nio-9091-exec-8] org.hibernate.SQL                        : insert into raffle (buyer_id) values (?)
2024-08-04T20:05:36.307-03:00 DEBUG 3455 --- [rifacdg] [nio-9091-exec-9] org.hibernate.SQL                        : insert into buyer (mail,name,phone,seller) values (?,?,?,?)
2024-08-04T20:05:36.309-03:00 DEBUG 3455 --- [rifacdg] [nio-9091-exec-9] org.hibernate.SQL                        : insert into raffle (buyer_id) values (?)
2024-08-04T20:05:36.311-03:00 DEBUG 3455 --- [rifacdg] [nio-9091-exec-9] org.hibernate.SQL                        : insert into raffle (buyer_id) values (?)
2024-08-04T20:11:06.103-03:00 DEBUG 3455 --- [rifacdg] [io-9091-exec-10] org.hibernate.SQL                        : insert into buyer (mail,name,phone,seller) values (?,?,?,?)
2024-08-04T20:11:06.105-03:00 DEBUG 3455 --- [rifacdg] [io-9091-exec-10] org.hibernate.SQL                        : insert into raffle (buyer_id) values (?)
2024-08-04T20:11:06.107-03:00 DEBUG 3455 --- [rifacdg] [io-9091-exec-10] org.hibernate.SQL                        : insert into raffle (buyer_id) values (?)
2024-08-04T20:11:06.109-03:00 DEBUG 3455 --- [rifacdg] [io-9091-exec-10] org.hibernate.SQL                        : insert into raffle (buyer_id) values (?)
2024-08-04T20:11:06.110-03:00 DEBUG 3455 --- [rifacdg] [io-9091-exec-10] org.hibernate.SQL                        : insert into raffle (buyer_id) values (?)
2024-08-04T20:11:06.111-03:00 DEBUG 3455 --- [rifacdg] [io-9091-exec-10] org.hibernate.SQL                        : insert into raffle (buyer_id) values (?)
2024-08-04T20:14:48.221-03:00 DEBUG 3455 --- [rifacdg] [nio-9091-exec-1] org.hibernate.SQL                        : insert into buyer (mail,name,phone,seller) values (?,?,?,?)
2024-08-04T20:14:48.224-03:00 DEBUG 3455 --- [rifacdg] [nio-9091-exec-1] org.hibernate.SQL                        : insert into raffle (buyer_id) values (?)
2024-08-04T20:28:54.341-03:00 DEBUG 3455 --- [rifacdg] [nio-9091-exec-2] org.hibernate.SQL                        : insert into buyer (mail,name,phone,seller) values (?,?,?,?)
2024-08-04T20:28:54.343-03:00 DEBUG 3455 --- [rifacdg] [nio-9091-exec-2] org.hibernate.SQL                        : insert into raffle (buyer_id) values (?)
2024-08-04T21:20:52.842-03:00 DEBUG 3455 --- [rifacdg] [nio-9091-exec-3] org.hibernate.SQL                        : insert into buyer (mail,name,phone,seller) values (?,?,?,?)
2024-08-04T21:20:52.844-03:00 DEBUG 3455 --- [rifacdg] [nio-9091-exec-3] org.hibernate.SQL                        : insert into raffle (buyer_id) values (?)
2024-08-04T23:32:14.222-03:00 DEBUG 3455 --- [rifacdg] [nio-9091-exec-4] org.hibernate.SQL                        : insert into buyer (mail,name,phone,seller) values (?,?,?,?)
2024-08-04T23:32:14.223-03:00 DEBUG 3455 --- [rifacdg] [nio-9091-exec-4] org.hibernate.SQL                        : insert into raffle (buyer_id) values (?)
2024-08-04T23:32:14.224-03:00 DEBUG 3455 --- [rifacdg] [nio-9091-exec-4] org.hibernate.SQL                        : insert into raffle (buyer_id) values (?)
2024-08-04T23:32:14.225-03:00 DEBUG 3455 --- [rifacdg] [nio-9091-exec-4] org.hibernate.SQL                        : insert into raffle (buyer_id) values (?)
2024-08-04T23:32:14.226-03:00 DEBUG 3455 --- [rifacdg] [nio-9091-exec-4] org.hibernate.SQL                        : insert into raffle (buyer_id) values (?)
2024-08-04T23:32:14.226-03:00 DEBUG 3455 --- [rifacdg] [nio-9091-exec-4] org.hibernate.SQL                        : insert into raffle (buyer_id) values (?)
2024-08-04T23:32:14.227-03:00 DEBUG 3455 --- [rifacdg] [nio-9091-exec-4] org.hibernate.SQL                        : insert into raffle (buyer_id) values (?)
2024-08-04T23:32:14.227-03:00 DEBUG 3455 --- [rifacdg] [nio-9091-exec-4] org.hibernate.SQL                        : insert into raffle (buyer_id) values (?)
2024-08-04T23:32:14.227-03:00 DEBUG 3455 --- [rifacdg] [nio-9091-exec-4] org.hibernate.SQL                        : insert into raffle (buyer_id) values (?)
2024-08-04T23:32:14.228-03:00 DEBUG 3455 --- [rifacdg] [nio-9091-exec-4] org.hibernate.SQL                        : insert into raffle (buyer_id) values (?)
2024-08-04T23:32:14.228-03:00 DEBUG 3455 --- [rifacdg] [nio-9091-exec-4] org.hibernate.SQL                        : insert into raffle (buyer_id) values (?)
2024-08-05T08:32:49.089-03:00 DEBUG 3455 --- [rifacdg] [nio-9091-exec-5] org.hibernate.SQL                        : insert into buyer (mail,name,phone,seller) values (?,?,?,?)
2024-08-05T08:32:49.091-03:00 DEBUG 3455 --- [rifacdg] [nio-9091-exec-5] org.hibernate.SQL                        : insert into raffle (buyer_id) values (?)
2024-08-05T08:32:49.177-03:00 DEBUG 3455 --- [rifacdg] [nio-9091-exec-5] org.hibernate.SQL                        : insert into raffle (buyer_id) values (?)
2024-08-05T08:32:49.179-03:00 DEBUG 3455 --- [rifacdg] [nio-9091-exec-5] org.hibernate.SQL                        : insert into raffle (buyer_id) values (?)
2024-08-05T08:32:49.181-03:00 DEBUG 3455 --- [rifacdg] [nio-9091-exec-5] org.hibernate.SQL                        : insert into raffle (buyer_id) values (?)
2024-08-05T08:32:49.182-03:00 DEBUG 3455 --- [rifacdg] [nio-9091-exec-5] org.hibernate.SQL                        : insert into raffle (buyer_id) values (?)
2024-08-05T08:33:13.768-03:00 DEBUG 3455 --- [rifacdg] [nio-9091-exec-6] org.hibernate.SQL                        : insert into buyer (mail,name,phone,seller) values (?,?,?,?)
2024-08-05T08:33:13.771-03:00 DEBUG 3455 --- [rifacdg] [nio-9091-exec-6] org.hibernate.SQL                        : insert into raffle (buyer_id) values (?)
2024-08-05T08:33:13.773-03:00 DEBUG 3455 --- [rifacdg] [nio-9091-exec-6] org.hibernate.SQL                        : insert into raffle (buyer_id) values (?)
2024-08-05T10:22:54.647-03:00 DEBUG 3455 --- [rifacdg] [nio-9091-exec-7] org.hibernate.SQL                        : insert into buyer (mail,name,phone,seller) values (?,?,?,?)
2024-08-05T10:22:54.650-03:00 DEBUG 3455 --- [rifacdg] [nio-9091-exec-7] org.hibernate.SQL                        : insert into raffle (buyer_id) values (?)
2024-08-05T10:22:54.652-03:00 DEBUG 3455 --- [rifacdg] [nio-9091-exec-7] org.hibernate.SQL                        : insert into raffle (buyer_id) values (?)
2024-08-05T10:22:54.653-03:00 DEBUG 3455 --- [rifacdg] [nio-9091-exec-7] org.hibernate.SQL                        : insert into raffle (buyer_id) values (?)
2024-08-05T10:22:54.654-03:00 DEBUG 3455 --- [rifacdg] [nio-9091-exec-7] org.hibernate.SQL                        : insert into raffle (buyer_id) values (?)
2024-08-05T22:44:56.635-03:00 DEBUG 3455 --- [rifacdg] [nio-9091-exec-8] org.hibernate.SQL                        : insert into buyer (mail,name,phone,seller) values (?,?,?,?)
2024-08-05T22:44:56.637-03:00 DEBUG 3455 --- [rifacdg] [nio-9091-exec-8] org.hibernate.SQL                        : insert into raffle (buyer_id) values (?)
2024-08-05T22:44:56.639-03:00 DEBUG 3455 --- [rifacdg] [nio-9091-exec-8] org.hibernate.SQL                        : insert into raffle (buyer_id) values (?)
2024-08-05T22:44:56.641-03:00 DEBUG 3455 --- [rifacdg] [nio-9091-exec-8] org.hibernate.SQL                        : insert into raffle (buyer_id) values (?)
2024-08-05T22:44:56.645-03:00 DEBUG 3455 --- [rifacdg] [nio-9091-exec-8] org.hibernate.SQL                        : insert into raffle (buyer_id) values (?)
2024-08-05T22:44:56.646-03:00 DEBUG 3455 --- [rifacdg] [nio-9091-exec-8] org.hibernate.SQL                        : insert into raffle (buyer_id) values (?)
2024-08-05T22:44:56.646-03:00 DEBUG 3455 --- [rifacdg] [nio-9091-exec-8] org.hibernate.SQL                        : insert into raffle (buyer_id) values (?)
2024-08-05T22:44:56.647-03:00 DEBUG 3455 --- [rifacdg] [nio-9091-exec-8] org.hibernate.SQL                        : insert into raffle (buyer_id) values (?)
2024-08-05T22:44:56.647-03:00 DEBUG 3455 --- [rifacdg] [nio-9091-exec-8] org.hibernate.SQL                        : insert into raffle (buyer_id) values (?)
2024-08-05T22:44:56.648-03:00 DEBUG 3455 --- [rifacdg] [nio-9091-exec-8] org.hibernate.SQL                        : insert into raffle (buyer_id) values (?)
2024-08-05T22:44:56.648-03:00 DEBUG 3455 --- [rifacdg] [nio-9091-exec-8] org.hibernate.SQL                        : insert into raffle (buyer_id) values (?)
2024-08-05T22:44:56.648-03:00 DEBUG 3455 --- [rifacdg] [nio-9091-exec-8] org.hibernate.SQL                        : insert into raffle (buyer_id) values (?)
2024-08-05T22:44:56.649-03:00 DEBUG 3455 --- [rifacdg] [nio-9091-exec-8] org.hibernate.SQL                        : insert into raffle (buyer_id) values (?)
2024-08-05T22:44:56.649-03:00 DEBUG 3455 --- [rifacdg] [nio-9091-exec-8] org.hibernate.SQL                        : insert into raffle (buyer_id) values (?)
2024-08-05T22:44:56.650-03:00 DEBUG 3455 --- [rifacdg] [nio-9091-exec-8] org.hibernate.SQL                        : insert into raffle (buyer_id) values (?)
2024-08-05T22:44:56.650-03:00 DEBUG 3455 --- [rifacdg] [nio-9091-exec-8] org.hibernate.SQL                        : insert into raffle (buyer_id) values (?)
2024-08-05T22:44:56.650-03:00 DEBUG 3455 --- [rifacdg] [nio-9091-exec-8] org.hibernate.SQL                        : insert into raffle (buyer_id) values (?)
2024-08-05T22:44:56.737-03:00 DEBUG 3455 --- [rifacdg] [nio-9091-exec-8] org.hibernate.SQL                        : insert into raffle (buyer_id) values (?)
2024-08-05T22:44:56.738-03:00 DEBUG 3455 --- [rifacdg] [nio-9091-exec-8] org.hibernate.SQL                        : insert into raffle (buyer_id) values (?)
2024-08-05T22:44:56.739-03:00 DEBUG 3455 --- [rifacdg] [nio-9091-exec-8] org.hibernate.SQL                        : insert into raffle (buyer_id) values (?)
2024-08-05T22:44:56.739-03:00 DEBUG 3455 --- [rifacdg] [nio-9091-exec-8] org.hibernate.SQL                        : insert into raffle (buyer_id) values (?)
2024-08-05T22:44:56.740-03:00 DEBUG 3455 --- [rifacdg] [nio-9091-exec-8] org.hibernate.SQL                        : insert into raffle (buyer_id) values (?)
2024-08-05T22:44:56.740-03:00 DEBUG 3455 --- [rifacdg] [nio-9091-exec-8] org.hibernate.SQL                        : insert into raffle (buyer_id) values (?)
2024-08-05T22:44:56.741-03:00 DEBUG 3455 --- [rifacdg] [nio-9091-exec-8] org.hibernate.SQL                        : insert into raffle (buyer_id) values (?)
2024-08-05T22:44:56.741-03:00 DEBUG 3455 --- [rifacdg] [nio-9091-exec-8] org.hibernate.SQL                        : insert into raffle (buyer_id) values (?)
2024-08-05T22:44:56.742-03:00 DEBUG 3455 --- [rifacdg] [nio-9091-exec-8] org.hibernate.SQL                        : insert into raffle (buyer_id) values (?)
2024-08-05T22:49:24.660-03:00 DEBUG 3455 --- [rifacdg] [nio-9091-exec-9] org.hibernate.SQL                        : insert into buyer (mail,name,phone,seller) values (?,?,?,?)
2024-08-05T22:49:24.685-03:00 DEBUG 3455 --- [rifacdg] [nio-9091-exec-9] org.hibernate.SQL                        : insert into raffle (buyer_id) values (?)
2024-08-06T13:07:03.635-03:00 DEBUG 3455 --- [rifacdg] [io-9091-exec-10] org.hibernate.SQL                        : insert into buyer (mail,name,phone,seller) values (?,?,?,?)
2024-08-06T13:07:03.697-03:00 DEBUG 3455 --- [rifacdg] [io-9091-exec-10] org.hibernate.SQL                        : insert into raffle (buyer_id) values (?)
2024-08-06T18:38:31.387-03:00 DEBUG 3455 --- [rifacdg] [nio-9091-exec-1] org.hibernate.SQL                        : insert into buyer (mail,name,phone,seller) values (?,?,?,?)
2024-08-06T18:38:31.389-03:00 DEBUG 3455 --- [rifacdg] [nio-9091-exec-1] org.hibernate.SQL                        : insert into raffle (buyer_id) values (?)
2024-08-06T18:38:31.391-03:00 DEBUG 3455 --- [rifacdg] [nio-9091-exec-1] org.hibernate.SQL                        : insert into raffle (buyer_id) values (?)
2024-08-06T18:38:31.393-03:00 DEBUG 3455 --- [rifacdg] [nio-9091-exec-1] org.hibernate.SQL                        : insert into raffle (buyer_id) values (?)
2024-08-06T18:38:31.394-03:00 DEBUG 3455 --- [rifacdg] [nio-9091-exec-1] org.hibernate.SQL                        : insert into raffle (buyer_id) values (?)
2024-08-06T18:38:31.395-03:00 DEBUG 3455 --- [rifacdg] [nio-9091-exec-1] org.hibernate.SQL                        : insert into raffle (buyer_id) values (?)
2024-08-06T18:38:31.396-03:00 DEBUG 3455 --- [rifacdg] [nio-9091-exec-1] org.hibernate.SQL                        : insert into raffle (buyer_id) values (?)
2024-08-06T18:38:31.396-03:00 DEBUG 3455 --- [rifacdg] [nio-9091-exec-1] org.hibernate.SQL                        : insert into raffle (buyer_id) values (?)
2024-08-06T18:38:31.397-03:00 DEBUG 3455 --- [rifacdg] [nio-9091-exec-1] org.hibernate.SQL                        : insert into raffle (buyer_id) values (?)
2024-08-06T18:38:31.397-03:00 DEBUG 3455 --- [rifacdg] [nio-9091-exec-1] org.hibernate.SQL                        : insert into raffle (buyer_id) values (?)
2024-08-06T18:38:31.397-03:00 DEBUG 3455 --- [rifacdg] [nio-9091-exec-1] org.hibernate.SQL                        : insert into raffle (buyer_id) values (?)
2024-08-06T18:38:31.398-03:00 DEBUG 3455 --- [rifacdg] [nio-9091-exec-1] org.hibernate.SQL                        : insert into raffle (buyer_id) values (?)
2024-08-06T18:38:31.398-03:00 DEBUG 3455 --- [rifacdg] [nio-9091-exec-1] org.hibernate.SQL                        : insert into raffle (buyer_id) values (?)
2024-08-06T18:38:31.398-03:00 DEBUG 3455 --- [rifacdg] [nio-9091-exec-1] org.hibernate.SQL                        : insert into raffle (buyer_id) values (?)
2024-08-06T18:38:31.399-03:00 DEBUG 3455 --- [rifacdg] [nio-9091-exec-1] org.hibernate.SQL                        : insert into raffle (buyer_id) values (?)
2024-08-06T18:38:31.399-03:00 DEBUG 3455 --- [rifacdg] [nio-9091-exec-1] org.hibernate.SQL                        : insert into raffle (buyer_id) values (?)
2024-08-06T20:05:40.118-03:00 DEBUG 3455 --- [rifacdg] [nio-9091-exec-2] org.hibernate.SQL                        : insert into buyer (mail,name,phone,seller) values (?,?,?,?)
2024-08-06T20:05:40.119-03:00 DEBUG 3455 --- [rifacdg] [nio-9091-exec-2] org.hibernate.SQL                        : insert into raffle (buyer_id) values (?)
2024-08-06T20:05:40.120-03:00 DEBUG 3455 --- [rifacdg] [nio-9091-exec-2] org.hibernate.SQL                        : insert into raffle (buyer_id) values (?)
2024-08-06T20:05:40.121-03:00 DEBUG 3455 --- [rifacdg] [nio-9091-exec-2] org.hibernate.SQL                        : insert into raffle (buyer_id) values (?)
2024-08-06T20:05:40.121-03:00 DEBUG 3455 --- [rifacdg] [nio-9091-exec-2] org.hibernate.SQL                        : insert into raffle (buyer_id) values (?)
2024-08-06T20:05:40.122-03:00 DEBUG 3455 --- [rifacdg] [nio-9091-exec-2] org.hibernate.SQL                        : insert into raffle (buyer_id) values (?)
2024-08-06T20:05:40.122-03:00 DEBUG 3455 --- [rifacdg] [nio-9091-exec-2] org.hibernate.SQL                        : insert into raffle (buyer_id) values (?)
2024-08-06T20:05:40.123-03:00 DEBUG 3455 --- [rifacdg] [nio-9091-exec-2] org.hibernate.SQL                        : insert into raffle (buyer_id) values (?)
2024-08-06T20:05:40.123-03:00 DEBUG 3455 --- [rifacdg] [nio-9091-exec-2] org.hibernate.SQL                        : insert into raffle (buyer_id) values (?)
2024-08-06T20:05:40.124-03:00 DEBUG 3455 --- [rifacdg] [nio-9091-exec-2] org.hibernate.SQL                        : insert into raffle (buyer_id) values (?)
2024-08-06T20:05:40.124-03:00 DEBUG 3455 --- [rifacdg] [nio-9091-exec-2] org.hibernate.SQL                        : insert into raffle (buyer_id) values (?)
2024-08-06T20:05:40.124-03:00 DEBUG 3455 --- [rifacdg] [nio-9091-exec-2] org.hibernate.SQL                        : insert into raffle (buyer_id) values (?)
2024-08-06T20:05:40.125-03:00 DEBUG 3455 --- [rifacdg] [nio-9091-exec-2] org.hibernate.SQL                        : insert into raffle (buyer_id) values (?)
2024-08-06T20:05:40.125-03:00 DEBUG 3455 --- [rifacdg] [nio-9091-exec-2] org.hibernate.SQL                        : insert into raffle (buyer_id) values (?)
2024-08-06T20:05:40.126-03:00 DEBUG 3455 --- [rifacdg] [nio-9091-exec-2] org.hibernate.SQL                        : insert into raffle (buyer_id) values (?)
2024-08-06T20:05:40.126-03:00 DEBUG 3455 --- [rifacdg] [nio-9091-exec-2] org.hibernate.SQL                        : insert into raffle (buyer_id) values (?)
2024-08-06T20:05:40.127-03:00 DEBUG 3455 --- [rifacdg] [nio-9091-exec-2] org.hibernate.SQL                        : insert into raffle (buyer_id) values (?)
2024-08-06T20:05:40.127-03:00 DEBUG 3455 --- [rifacdg] [nio-9091-exec-2] org.hibernate.SQL                        : insert into raffle (buyer_id) values (?)
2024-08-06T20:05:40.127-03:00 DEBUG 3455 --- [rifacdg] [nio-9091-exec-2] org.hibernate.SQL                        : insert into raffle (buyer_id) values (?)
2024-08-06T20:05:40.128-03:00 DEBUG 3455 --- [rifacdg] [nio-9091-exec-2] org.hibernate.SQL                        : insert into raffle (buyer_id) values (?)
2024-08-06T20:05:40.128-03:00 DEBUG 3455 --- [rifacdg] [nio-9091-exec-2] org.hibernate.SQL                        : insert into raffle (buyer_id) values (?)
2024-08-06T20:05:40.128-03:00 DEBUG 3455 --- [rifacdg] [nio-9091-exec-2] org.hibernate.SQL                        : insert into raffle (buyer_id) values (?)
2024-08-06T20:05:40.129-03:00 DEBUG 3455 --- [rifacdg] [nio-9091-exec-2] org.hibernate.SQL                        : insert into raffle (buyer_id) values (?)
2024-08-06T20:05:40.129-03:00 DEBUG 3455 --- [rifacdg] [nio-9091-exec-2] org.hibernate.SQL                        : insert into raffle (buyer_id) values (?)
2024-08-06T22:14:51.696-03:00 DEBUG 3455 --- [rifacdg] [nio-9091-exec-3] org.hibernate.SQL                        : insert into buyer (mail,name,phone,seller) values (?,?,?,?)
2024-08-06T22:14:51.697-03:00 DEBUG 3455 --- [rifacdg] [nio-9091-exec-3] org.hibernate.SQL                        : insert into raffle (buyer_id) values (?)
2024-08-06T22:14:51.698-03:00 DEBUG 3455 --- [rifacdg] [nio-9091-exec-3] org.hibernate.SQL                        : insert into raffle (buyer_id) values (?)
2024-08-06T22:14:51.698-03:00 DEBUG 3455 --- [rifacdg] [nio-9091-exec-3] org.hibernate.SQL                        : insert into raffle (buyer_id) values (?)
2024-08-06T22:14:51.698-03:00 DEBUG 3455 --- [rifacdg] [nio-9091-exec-3] org.hibernate.SQL                        : insert into raffle (buyer_id) values (?)
2024-08-06T22:14:51.699-03:00 DEBUG 3455 --- [rifacdg] [nio-9091-exec-3] org.hibernate.SQL                        : insert into raffle (buyer_id) values (?)
2024-08-06T22:14:51.699-03:00 DEBUG 3455 --- [rifacdg] [nio-9091-exec-3] org.hibernate.SQL                        : insert into raffle (buyer_id) values (?)
2024-08-06T22:14:51.699-03:00 DEBUG 3455 --- [rifacdg] [nio-9091-exec-3] org.hibernate.SQL                        : insert into raffle (buyer_id) values (?)
2024-08-06T22:14:51.700-03:00 DEBUG 3455 --- [rifacdg] [nio-9091-exec-3] org.hibernate.SQL                        : insert into raffle (buyer_id) values (?)
2024-08-06T22:14:51.700-03:00 DEBUG 3455 --- [rifacdg] [nio-9091-exec-3] org.hibernate.SQL                        : insert into raffle (buyer_id) values (?)
2024-08-06T22:14:51.700-03:00 DEBUG 3455 --- [rifacdg] [nio-9091-exec-3] org.hibernate.SQL                        : insert into raffle (buyer_id) values (?)
2024-08-07T10:27:36.292-03:00 DEBUG 3455 --- [rifacdg] [nio-9091-exec-4] org.hibernate.SQL                        : insert into buyer (mail,name,phone,seller) values (?,?,?,?)
2024-08-07T10:27:36.295-03:00 DEBUG 3455 --- [rifacdg] [nio-9091-exec-4] org.hibernate.SQL                        : insert into raffle (buyer_id) values (?)
2024-08-07T10:27:36.295-03:00 DEBUG 3455 --- [rifacdg] [nio-9091-exec-4] org.hibernate.SQL                        : insert into raffle (buyer_id) values (?)
2024-08-07T10:29:20.209-03:00 DEBUG 3455 --- [rifacdg] [nio-9091-exec-5] org.hibernate.SQL                        : insert into buyer (mail,name,phone,seller) values (?,?,?,?)
2024-08-07T10:29:20.210-03:00 DEBUG 3455 --- [rifacdg] [nio-9091-exec-5] org.hibernate.SQL                        : insert into raffle (buyer_id) values (?)
2024-08-07T10:29:20.211-03:00 DEBUG 3455 --- [rifacdg] [nio-9091-exec-5] org.hibernate.SQL                        : insert into raffle (buyer_id) values (?)
2024-08-07T10:30:59.964-03:00 DEBUG 3455 --- [rifacdg] [nio-9091-exec-6] org.hibernate.SQL                        : insert into buyer (mail,name,phone,seller) values (?,?,?,?)
2024-08-07T10:30:59.966-03:00 DEBUG 3455 --- [rifacdg] [nio-9091-exec-6] org.hibernate.SQL                        : insert into raffle (buyer_id) values (?)
2024-08-07T10:30:59.968-03:00 DEBUG 3455 --- [rifacdg] [nio-9091-exec-6] org.hibernate.SQL                        : insert into raffle (buyer_id) values (?)
2024-08-07T10:30:59.969-03:00 DEBUG 3455 --- [rifacdg] [nio-9091-exec-6] org.hibernate.SQL                        : insert into raffle (buyer_id) values (?)
2024-08-07T10:30:59.970-03:00 DEBUG 3455 --- [rifacdg] [nio-9091-exec-6] org.hibernate.SQL                        : insert into raffle (buyer_id) values (?)
2024-08-07T10:30:59.971-03:00 DEBUG 3455 --- [rifacdg] [nio-9091-exec-6] org.hibernate.SQL                        : insert into raffle (buyer_id) values (?)
2024-08-07T10:30:59.971-03:00 DEBUG 3455 --- [rifacdg] [nio-9091-exec-6] org.hibernate.SQL                        : insert into raffle (buyer_id) values (?)
2024-08-07T10:30:59.971-03:00 DEBUG 3455 --- [rifacdg] [nio-9091-exec-6] org.hibernate.SQL                        : insert into raffle (buyer_id) values (?)
2024-08-07T10:30:59.972-03:00 DEBUG 3455 --- [rifacdg] [nio-9091-exec-6] org.hibernate.SQL                        : insert into raffle (buyer_id) values (?)
2024-08-07T10:30:59.972-03:00 DEBUG 3455 --- [rifacdg] [nio-9091-exec-6] org.hibernate.SQL                        : insert into raffle (buyer_id) values (?)
2024-08-07T10:30:59.973-03:00 DEBUG 3455 --- [rifacdg] [nio-9091-exec-6] org.hibernate.SQL                        : insert into raffle (buyer_id) values (?)
2024-08-07T10:32:37.430-03:00 DEBUG 3455 --- [rifacdg] [nio-9091-exec-7] org.hibernate.SQL                        : insert into buyer (mail,name,phone,seller) values (?,?,?,?)
2024-08-07T10:32:37.432-03:00 DEBUG 3455 --- [rifacdg] [nio-9091-exec-7] org.hibernate.SQL                        : insert into raffle (buyer_id) values (?)
2024-08-07T10:32:37.433-03:00 DEBUG 3455 --- [rifacdg] [nio-9091-exec-7] org.hibernate.SQL                        : insert into raffle (buyer_id) values (?)
2024-08-07T10:32:37.434-03:00 DEBUG 3455 --- [rifacdg] [nio-9091-exec-7] org.hibernate.SQL                        : insert into raffle (buyer_id) values (?)
2024-08-07T10:32:37.509-03:00 DEBUG 3455 --- [rifacdg] [nio-9091-exec-7] org.hibernate.SQL                        : insert into raffle (buyer_id) values (?)
2024-08-07T10:32:37.509-03:00 DEBUG 3455 --- [rifacdg] [nio-9091-exec-7] org.hibernate.SQL                        : insert into raffle (buyer_id) values (?)
2024-08-07T10:32:37.510-03:00 DEBUG 3455 --- [rifacdg] [nio-9091-exec-7] org.hibernate.SQL                        : insert into raffle (buyer_id) values (?)
2024-08-07T10:32:37.511-03:00 DEBUG 3455 --- [rifacdg] [nio-9091-exec-7] org.hibernate.SQL                        : insert into raffle (buyer_id) values (?)
2024-08-07T10:32:37.511-03:00 DEBUG 3455 --- [rifacdg] [nio-9091-exec-7] org.hibernate.SQL                        : insert into raffle (buyer_id) values (?)
2024-08-07T10:32:37.511-03:00 DEBUG 3455 --- [rifacdg] [nio-9091-exec-7] org.hibernate.SQL                        : insert into raffle (buyer_id) values (?)
2024-08-07T10:32:37.512-03:00 DEBUG 3455 --- [rifacdg] [nio-9091-exec-7] org.hibernate.SQL                        : insert into raffle (buyer_id) values (?)
2024-08-07T10:45:08.318-03:00 DEBUG 3455 --- [rifacdg] [nio-9091-exec-8] org.hibernate.SQL                        : insert into buyer (mail,name,phone,seller) values (?,?,?,?)
2024-08-07T10:45:08.321-03:00 DEBUG 3455 --- [rifacdg] [nio-9091-exec-8] org.hibernate.SQL                        : insert into raffle (buyer_id) values (?)
2024-08-07T10:45:08.322-03:00 DEBUG 3455 --- [rifacdg] [nio-9091-exec-8] org.hibernate.SQL                        : insert into raffle (buyer_id) values (?)
2024-08-07T10:45:08.324-03:00 DEBUG 3455 --- [rifacdg] [nio-9091-exec-8] org.hibernate.SQL                        : insert into raffle (buyer_id) values (?)
2024-08-07T13:04:44.153-03:00 DEBUG 3455 --- [rifacdg] [nio-9091-exec-9] org.hibernate.SQL                        : insert into buyer (mail,name,phone,seller) values (?,?,?,?)
2024-08-07T13:04:44.156-03:00 DEBUG 3455 --- [rifacdg] [nio-9091-exec-9] org.hibernate.SQL                        : insert into raffle (buyer_id) values (?)
2024-08-07T13:15:38.780-03:00 DEBUG 3455 --- [rifacdg] [io-9091-exec-10] org.hibernate.SQL                        : insert into buyer (mail,name,phone,seller) values (?,?,?,?)
2024-08-07T13:15:38.782-03:00 DEBUG 3455 --- [rifacdg] [io-9091-exec-10] org.hibernate.SQL                        : insert into raffle (buyer_id) values (?)
2024-08-07T13:46:48.349-03:00 DEBUG 3455 --- [rifacdg] [nio-9091-exec-1] org.hibernate.SQL                        : insert into buyer (mail,name,phone,seller) values (?,?,?,?)
2024-08-07T13:46:48.351-03:00 DEBUG 3455 --- [rifacdg] [nio-9091-exec-1] org.hibernate.SQL                        : insert into raffle (buyer_id) values (?)
2024-08-07T14:07:05.890-03:00 DEBUG 3455 --- [rifacdg] [nio-9091-exec-2] org.hibernate.SQL                        : insert into buyer (mail,name,phone,seller) values (?,?,?,?)
2024-08-07T14:07:05.892-03:00 DEBUG 3455 --- [rifacdg] [nio-9091-exec-2] org.hibernate.SQL                        : insert into raffle (buyer_id) values (?)
2024-08-07T14:07:05.893-03:00 DEBUG 3455 --- [rifacdg] [nio-9091-exec-2] org.hibernate.SQL                        : insert into raffle (buyer_id) values (?)
2024-08-07T14:07:05.893-03:00 DEBUG 3455 --- [rifacdg] [nio-9091-exec-2] org.hibernate.SQL                        : insert into raffle (buyer_id) values (?)
2024-08-07T14:07:05.894-03:00 DEBUG 3455 --- [rifacdg] [nio-9091-exec-2] org.hibernate.SQL                        : insert into raffle (buyer_id) values (?)
2024-08-07T14:07:05.894-03:00 DEBUG 3455 --- [rifacdg] [nio-9091-exec-2] org.hibernate.SQL                        : insert into raffle (buyer_id) values (?)
2024-08-07T14:07:05.895-03:00 DEBUG 3455 --- [rifacdg] [nio-9091-exec-2] org.hibernate.SQL                        : insert into raffle (buyer_id) values (?)
2024-08-07T14:07:05.895-03:00 DEBUG 3455 --- [rifacdg] [nio-9091-exec-2] org.hibernate.SQL                        : insert into raffle (buyer_id) values (?)
2024-08-07T14:07:05.895-03:00 DEBUG 3455 --- [rifacdg] [nio-9091-exec-2] org.hibernate.SQL                        : insert into raffle (buyer_id) values (?)
2024-08-07T14:07:05.896-03:00 DEBUG 3455 --- [rifacdg] [nio-9091-exec-2] org.hibernate.SQL                        : insert into raffle (buyer_id) values (?)
2024-08-07T14:07:05.896-03:00 DEBUG 3455 --- [rifacdg] [nio-9091-exec-2] org.hibernate.SQL                        : insert into raffle (buyer_id) values (?)
2024-08-07T19:00:35.388-03:00 DEBUG 3455 --- [rifacdg] [nio-9091-exec-4] org.hibernate.SQL                        : insert into buyer (mail,name,phone,seller) values (?,?,?,?)
2024-08-07T19:00:35.390-03:00 DEBUG 3455 --- [rifacdg] [nio-9091-exec-4] org.hibernate.SQL                        : insert into raffle (buyer_id) values (?)
2024-08-08T09:53:33.799-03:00 DEBUG 3455 --- [rifacdg] [nio-9091-exec-5] org.hibernate.SQL                        : insert into buyer (mail,name,phone,seller) values (?,?,?,?)
2024-08-08T09:53:33.801-03:00 DEBUG 3455 --- [rifacdg] [nio-9091-exec-5] org.hibernate.SQL                        : insert into raffle (buyer_id) values (?)
2024-08-08T09:53:33.802-03:00 DEBUG 3455 --- [rifacdg] [nio-9091-exec-5] org.hibernate.SQL                        : insert into raffle (buyer_id) values (?)
2024-08-08T09:53:33.804-03:00 DEBUG 3455 --- [rifacdg] [nio-9091-exec-5] org.hibernate.SQL                        : insert into raffle (buyer_id) values (?)
2024-08-08T09:53:33.805-03:00 DEBUG 3455 --- [rifacdg] [nio-9091-exec-5] org.hibernate.SQL                        : insert into raffle (buyer_id) values (?)
2024-08-08T09:53:33.805-03:00 DEBUG 3455 --- [rifacdg] [nio-9091-exec-5] org.hibernate.SQL                        : insert into raffle (buyer_id) values (?)
2024-08-08T09:53:33.806-03:00 DEBUG 3455 --- [rifacdg] [nio-9091-exec-5] org.hibernate.SQL                        : insert into raffle (buyer_id) values (?)
2024-08-08T09:53:33.806-03:00 DEBUG 3455 --- [rifacdg] [nio-9091-exec-5] org.hibernate.SQL                        : insert into raffle (buyer_id) values (?)
2024-08-08T09:53:33.806-03:00 DEBUG 3455 --- [rifacdg] [nio-9091-exec-5] org.hibernate.SQL                        : insert into raffle (buyer_id) values (?)
2024-08-08T09:53:33.807-03:00 DEBUG 3455 --- [rifacdg] [nio-9091-exec-5] org.hibernate.SQL                        : insert into raffle (buyer_id) values (?)
2024-08-08T09:53:33.807-03:00 DEBUG 3455 --- [rifacdg] [nio-9091-exec-5] org.hibernate.SQL                        : insert into raffle (buyer_id) values (?)
2024-08-08T09:53:33.807-03:00 DEBUG 3455 --- [rifacdg] [nio-9091-exec-5] org.hibernate.SQL                        : insert into raffle (buyer_id) values (?)
2024-08-08T09:53:33.808-03:00 DEBUG 3455 --- [rifacdg] [nio-9091-exec-5] org.hibernate.SQL                        : insert into raffle (buyer_id) values (?)
2024-08-08T09:53:33.808-03:00 DEBUG 3455 --- [rifacdg] [nio-9091-exec-5] org.hibernate.SQL                        : insert into raffle (buyer_id) values (?)
2024-08-08T09:53:33.808-03:00 DEBUG 3455 --- [rifacdg] [nio-9091-exec-5] org.hibernate.SQL                        : insert into raffle (buyer_id) values (?)
2024-08-08T09:53:33.809-03:00 DEBUG 3455 --- [rifacdg] [nio-9091-exec-5] org.hibernate.SQL                        : insert into raffle (buyer_id) values (?)
2024-08-08T09:53:33.809-03:00 DEBUG 3455 --- [rifacdg] [nio-9091-exec-5] org.hibernate.SQL                        : insert into raffle (buyer_id) values (?)
2024-08-08T09:53:33.809-03:00 DEBUG 3455 --- [rifacdg] [nio-9091-exec-5] org.hibernate.SQL                        : insert into raffle (buyer_id) values (?)
2024-08-08T09:53:33.810-03:00 DEBUG 3455 --- [rifacdg] [nio-9091-exec-5] org.hibernate.SQL                        : insert into raffle (buyer_id) values (?)
2024-08-08T09:53:33.810-03:00 DEBUG 3455 --- [rifacdg] [nio-9091-exec-5] org.hibernate.SQL                        : insert into raffle (buyer_id) values (?)
2024-08-08T09:53:33.811-03:00 DEBUG 3455 --- [rifacdg] [nio-9091-exec-5] org.hibernate.SQL                        : insert into raffle (buyer_id) values (?)
2024-08-08T09:53:33.811-03:00 DEBUG 3455 --- [rifacdg] [nio-9091-exec-5] org.hibernate.SQL                        : insert into raffle (buyer_id) values (?)
2024-08-08T09:53:33.811-03:00 DEBUG 3455 --- [rifacdg] [nio-9091-exec-5] org.hibernate.SQL                        : insert into raffle (buyer_id) values (?)
2024-08-08T09:53:33.812-03:00 DEBUG 3455 --- [rifacdg] [nio-9091-exec-5] org.hibernate.SQL                        : insert into raffle (buyer_id) values (?)
2024-08-08T09:53:33.812-03:00 DEBUG 3455 --- [rifacdg] [nio-9091-exec-5] org.hibernate.SQL                        : insert into raffle (buyer_id) values (?)
2024-08-08T09:53:33.812-03:00 DEBUG 3455 --- [rifacdg] [nio-9091-exec-5] org.hibernate.SQL                        : insert into raffle (buyer_id) values (?)
2024-08-08T09:53:33.813-03:00 DEBUG 3455 --- [rifacdg] [nio-9091-exec-5] org.hibernate.SQL                        : insert into raffle (buyer_id) values (?)
2024-08-08T09:53:33.813-03:00 DEBUG 3455 --- [rifacdg] [nio-9091-exec-5] org.hibernate.SQL                        : insert into raffle (buyer_id) values (?)
2024-08-08T09:53:33.813-03:00 DEBUG 3455 --- [rifacdg] [nio-9091-exec-5] org.hibernate.SQL                        : insert into raffle (buyer_id) values (?)
2024-08-08T09:53:33.814-03:00 DEBUG 3455 --- [rifacdg] [nio-9091-exec-5] org.hibernate.SQL                        : insert into raffle (buyer_id) values (?)
2024-08-08T09:53:33.814-03:00 DEBUG 3455 --- [rifacdg] [nio-9091-exec-5] org.hibernate.SQL                        : insert into raffle (buyer_id) values (?)
2024-08-08T11:58:45.382-03:00 DEBUG 3455 --- [rifacdg] [nio-9091-exec-8] org.hibernate.SQL                        : insert into buyer (mail,name,phone,seller) values (?,?,?,?)
2024-08-08T11:58:45.384-03:00 DEBUG 3455 --- [rifacdg] [nio-9091-exec-8] org.hibernate.SQL                        : insert into raffle (buyer_id) values (?)
2024-08-08T11:58:45.474-03:00 DEBUG 3455 --- [rifacdg] [nio-9091-exec-8] org.hibernate.SQL                        : insert into raffle (buyer_id) values (?)
2024-08-08T11:58:45.474-03:00 DEBUG 3455 --- [rifacdg] [nio-9091-exec-8] org.hibernate.SQL                        : insert into raffle (buyer_id) values (?)
2024-08-08T12:00:06.211-03:00 DEBUG 3455 --- [rifacdg] [nio-9091-exec-9] org.hibernate.SQL                        : insert into buyer (mail,name,phone,seller) values (?,?,?,?)
2024-08-08T12:00:06.213-03:00 DEBUG 3455 --- [rifacdg] [nio-9091-exec-9] org.hibernate.SQL                        : insert into raffle (buyer_id) values (?)
2024-08-08T12:01:11.763-03:00 DEBUG 3455 --- [rifacdg] [nio-9091-exec-1] org.hibernate.SQL                        : insert into buyer (mail,name,phone,seller) values (?,?,?,?)
2024-08-08T12:01:11.764-03:00 DEBUG 3455 --- [rifacdg] [nio-9091-exec-1] org.hibernate.SQL                        : insert into raffle (buyer_id) values (?)
2024-08-08T12:01:11.766-03:00 DEBUG 3455 --- [rifacdg] [nio-9091-exec-1] org.hibernate.SQL                        : insert into raffle (buyer_id) values (?)
